2024-01-10 11:43:13,541 Starting new HTTPS connection (1): api.binance.com:443
2024-01-10 11:43:13,976 https://api.binance.com:443 "GET /api/v3/ping HTTP/1.1" 200 2
2024-01-10 11:43:14,304 https://api.binance.com:443 "GET /api/v3/klines?interval=15m&symbol=FILUSDT HTTP/1.1" 200 23429
2024-01-10 11:43:14,312 evaluating for FILUSDT. Time: 2024-01-10 11:43:13.989823
2024-01-10 11:43:14,628 https://api.binance.com:443 "GET /api/v3/klines?interval=15m&symbol=BTCUSDT HTTP/1.1" 200 28318
2024-01-10 11:43:14,636 evaluating for BTCUSDT. Time: 2024-01-10 11:43:13.989823
2024-01-10 11:43:14,951 https://api.binance.com:443 "GET /api/v3/klines?interval=15m&symbol=ETHUSDT HTTP/1.1" 200 26598
2024-01-10 11:43:14,959 evaluating for ETHUSDT. Time: 2024-01-10 11:43:13.989823
2024-01-10 11:43:15,256 https://api.binance.com:443 "GET /api/v3/ticker/price?symbol=ETHUSDT HTTP/1.1" 200 44
2024-01-10 11:43:15,256 BUY signal for ETHUSDT. Price: 2364.57000000
2024-01-10 11:43:15,259 Starting new HTTPS connection (1): api.telegram.org:443
2024-01-10 11:43:15,725 https://api.telegram.org:443 "POST /bot5940699909:AAG_4m9s2ZLmopWuCADY8d4ChIkapAwm7Sg/sendMessage?chat_id=1237846917&text=BUY+signal+for+ETHUSDT.+Price%3A+2364.57000000 HTTP/1.1" 200 284
2024-01-10 11:43:16,042 https://api.binance.com:443 "GET /api/v3/klines?interval=15m&symbol=SOLUSDT HTTP/1.1" 200 23772
2024-01-10 11:43:16,053 evaluating for SOLUSDT. Time: 2024-01-10 11:43:13.989823
2024-01-10 11:43:16,368 https://api.binance.com:443 "GET /api/v3/klines?interval=15m&symbol=ARBUSDT HTTP/1.1" 200 24486
2024-01-10 11:43:16,375 evaluating for ARBUSDT. Time: 2024-01-10 11:43:13.989823
2024-01-10 11:43:17,155 https://api.binance.com:443 "GET /api/v3/ticker/price?symbol=ARBUSDT HTTP/1.1" 200 41
2024-01-10 11:43:17,155 BUY signal for ARBUSDT. Price: 1.88810000
2024-01-10 11:43:17,157 Starting new HTTPS connection (1): api.telegram.org:443
2024-01-10 11:43:17,432 https://api.telegram.org:443 "POST /bot5940699909:AAG_4m9s2ZLmopWuCADY8d4ChIkapAwm7Sg/sendMessage?chat_id=1237846917&text=BUY+signal+for+ARBUSDT.+Price%3A+1.88810000 HTTP/1.1" 200 281
2024-01-10 11:43:18,442 https://api.binance.com:443 "GET /api/v3/klines?interval=15m&symbol=XRPUSDT HTTP/1.1" 200 22142
2024-01-10 11:43:18,445 evaluating for XRPUSDT. Time: 2024-01-10 11:43:13.989823
2024-01-10 11:43:19,455 https://api.binance.com:443 "GET /api/v3/klines?interval=15m&symbol=ORDIUSDT HTTP/1.1" 200 24807
2024-01-10 11:43:19,459 evaluating for ORDIUSDT. Time: 2024-01-10 11:43:13.989823
2024-01-10 11:43:20,460 https://api.binance.com:443 "GET /api/v3/klines?interval=15m&symbol=TIAUSDT HTTP/1.1" 200 24782
2024-01-10 11:43:20,467 evaluating for TIAUSDT. Time: 2024-01-10 11:43:13.989823
2024-01-10 11:43:21,252 https://api.binance.com:443 "GET /api/v3/klines?interval=15m&symbol=DOGEUSDT HTTP/1.1" 200 23112
2024-01-10 11:43:21,486 evaluating for DOGEUSDT. Time: 2024-01-10 11:43:13.989823
2024-01-10 11:43:22,262 https://api.binance.com:443 "GET /api/v3/klines?interval=15m&symbol=SEIUSDT HTTP/1.1" 200 24226
2024-01-10 11:43:22,502 evaluating for SEIUSDT. Time: 2024-01-10 11:43:13.989823
2024-01-10 11:43:23,499 https://api.binance.com:443 "GET /api/v3/klines?interval=15m&symbol=OPUSDT HTTP/1.1" 200 23602
2024-01-10 11:43:23,505 evaluating for OPUSDT. Time: 2024-01-10 11:43:13.989823
2024-01-10 11:43:23,798 https://api.binance.com:443 "GET /api/v3/ticker/price?symbol=OPUSDT HTTP/1.1" 200 40
2024-01-10 11:43:23,798 BUY signal for OPUSDT. Price: 3.53800000
2024-01-10 11:43:23,800 Starting new HTTPS connection (1): api.telegram.org:443
2024-01-10 11:43:24,056 https://api.telegram.org:443 "POST /bot5940699909:AAG_4m9s2ZLmopWuCADY8d4ChIkapAwm7Sg/sendMessage?chat_id=1237846917&text=BUY+signal+for+OPUSDT.+Price%3A+3.53800000 HTTP/1.1" 200 280
2024-01-10 11:43:24,416 https://api.binance.com:443 "GET /api/v3/klines?interval=15m&symbol=PEOPLEUSDT HTTP/1.1" 200 25888
2024-01-10 11:43:24,418 evaluating for PEOPLEUSDT. Time: 2024-01-10 11:43:13.989823
2024-01-10 11:43:24,418 BUY signal for OPUSDT. Price: 3.53800000
2024-01-10 11:43:24,718 https://api.binance.com:443 "GET /api/v3/ticker/price?symbol=PEOPLEUSDT HTTP/1.1" 200 44
2024-01-10 11:43:24,721 Starting new HTTPS connection (1): api.telegram.org:443
2024-01-10 11:43:25,016 https://api.telegram.org:443 "POST /bot5940699909:AAG_4m9s2ZLmopWuCADY8d4ChIkapAwm7Sg/sendMessage?chat_id=1237846917&text=SELL+signal+for+PEOPLEUSDT.+Price%3A+0.03535000 HTTP/1.1" 200 285
2024-01-10 11:43:26,031 https://api.binance.com:443 "GET /api/v3/klines?interval=15m&symbol=AVAXUSDT HTTP/1.1" 200 22382
2024-01-10 11:43:26,035 evaluating for AVAXUSDT. Time: 2024-01-10 11:43:13.989823
2024-01-10 11:43:26,352 https://api.binance.com:443 "GET /api/v3/klines?interval=15m&symbol=TRBUSDT HTTP/1.1" 200 22772
2024-01-10 11:43:26,358 evaluating for TRBUSDT. Time: 2024-01-10 11:43:13.989823
2024-01-10 11:43:27,126 https://api.binance.com:443 "GET /api/v3/klines?interval=15m&symbol=INJUSDT HTTP/1.1" 200 23331
2024-01-10 11:43:27,362 evaluating for INJUSDT. Time: 2024-01-10 11:43:13.989823
2024-01-10 11:43:27,673 https://api.binance.com:443 "GET /api/v3/klines?interval=15m&symbol=LDOUSDT HTTP/1.1" 200 23481
2024-01-10 11:43:27,684 evaluating for LDOUSDT. Time: 2024-01-10 11:43:13.989823
2024-01-10 11:43:28,003 https://api.binance.com:443 "GET /api/v3/klines?interval=15m&symbol=STXUSDT HTTP/1.1" 200 24023
2024-01-10 11:43:28,009 evaluating for STXUSDT. Time: 2024-01-10 11:43:13.989823
2024-01-10 11:43:28,321 https://api.binance.com:443 "GET /api/v3/klines?interval=15m&symbol=ADAUSDT HTTP/1.1" 200 23279
2024-01-10 11:43:28,331 evaluating for ADAUSDT. Time: 2024-01-10 11:43:13.989823
2024-01-10 11:43:28,661 https://api.binance.com:443 "GET /api/v3/klines?interval=15m&symbol=MATICUSDT HTTP/1.1" 200 23338
2024-01-10 11:43:28,664 evaluating for MATICUSDT. Time: 2024-01-10 11:43:13.989823
2024-01-10 11:43:29,610 https://api.binance.com:443 "GET /api/v3/klines?interval=15m&symbol=GMTUSDT HTTP/1.1" 200 23775
2024-01-10 11:43:29,615 evaluating for GMTUSDT. Time: 2024-01-10 11:43:13.989823
2024-01-10 11:43:30,437 https://api.binance.com:443 "GET /api/v3/klines?interval=15m&symbol=LINKUSDT HTTP/1.1" 200 23463
2024-01-10 11:43:30,442 evaluating for LINKUSDT. Time: 2024-01-10 11:43:13.989823
2024-01-10 11:43:31,554 https://api.binance.com:443 "GET /api/v3/klines?interval=15m&symbol=ETCUSDT HTTP/1.1" 200 20714
2024-01-10 11:43:31,556 evaluating for ETCUSDT. Time: 2024-01-10 11:43:13.989823
2024-01-10 11:43:31,867 https://api.binance.com:443 "GET /api/v3/klines?interval=15m&symbol=ICPUSDT HTTP/1.1" 200 24052
2024-01-10 11:43:31,880 evaluating for ICPUSDT. Time: 2024-01-10 11:43:13.989823
2024-01-10 11:43:32,877 https://api.binance.com:443 "GET /api/v3/klines?interval=15m&symbol=LTCUSDT HTTP/1.1" 200 22827
2024-01-10 11:43:32,881 evaluating for LTCUSDT. Time: 2024-01-10 11:43:13.989823
2024-01-10 11:43:33,198 https://api.binance.com:443 "GET /api/v3/klines?interval=15m&symbol=NEARUSDT HTTP/1.1" 200 22149
2024-01-10 11:43:33,208 evaluating for NEARUSDT. Time: 2024-01-10 11:43:13.989823
2024-01-10 11:43:33,519 https://api.binance.com:443 "GET /api/v3/klines?interval=15m&symbol=APTUSDT HTTP/1.1" 200 24921
2024-01-10 11:43:33,530 evaluating for APTUSDT. Time: 2024-01-10 11:43:13.989823
2024-01-10 11:43:33,835 https://api.binance.com:443 "GET /api/v3/klines?interval=15m&symbol=DOTUSDT HTTP/1.1" 200 23138
2024-01-10 11:43:34,066 evaluating for DOTUSDT. Time: 2024-01-10 11:43:13.989823
